#    Iter                          Q-vector                                 Energy(mRy)  
       1     -0.50000000         -0.50000000           0.0000000           1.6446856    
       4     -0.47656200         -0.47656200           0.0000000           1.6167814    
       5     -0.46875000         -0.46875000           0.0000000           1.5921612    
       6     -0.46093800         -0.46093800           0.0000000           1.5394497    
       7     -0.45312500         -0.45312500           0.0000000           1.4823898    
       8     -0.44531200         -0.44531200           0.0000000           1.4347570    
       9     -0.43750000         -0.43750000           0.0000000           1.3518366    
      10     -0.42968800         -0.42968800           0.0000000           1.2775231    
      11     -0.42187500         -0.42187500           0.0000000           1.2070070    
      12     -0.41406200         -0.41406200           0.0000000           1.0938846    
      13     -0.40625000         -0.40625000           0.0000000           1.0053083    
      14     -0.39843800         -0.39843800           0.0000000          0.90441137    
      15     -0.39062500         -0.39062500           0.0000000          0.77200959    
      16     -0.38281200         -0.38281200           0.0000000          0.67026840    
      17     -0.37500000         -0.37500000           0.0000000          0.53938345    
      18     -0.36718800         -0.36718800           0.0000000          0.39049485    
      19     -0.35937500         -0.35937500           0.0000000          0.27640920    
      20     -0.35156200         -0.35156200           0.0000000          0.11704872    
      21     -0.34375000         -0.34375000           0.0000000         -0.37140282E-01
      22     -0.33593800         -0.33593800           0.0000000         -0.16836962    
      23     -0.32812500         -0.32812500           0.0000000         -0.35040437    
      24     -0.32031200         -0.32031200           0.0000000         -0.50601081    
      25     -0.31250000         -0.31250000           0.0000000         -0.65470938    
      26     -0.30468800         -0.30468800           0.0000000         -0.85208823    
      27     -0.29687500         -0.29687500           0.0000000          -1.0033180    
      28     -0.28906200         -0.28906200           0.0000000          -1.1744027    
      29     -0.28125000         -0.28125000           0.0000000          -1.3724783    
      30     -0.27343800         -0.27343800           0.0000000          -1.5188350    
      31     -0.26562500         -0.26562500           0.0000000          -1.7030216    
      32     -0.25781200         -0.25781200           0.0000000          -1.8966306    
      33     -0.25000000         -0.25000000           0.0000000          -2.0462769    
      34     -0.24218800         -0.24218800           0.0000000          -2.2350482    
      35     -0.23437500         -0.23437500           0.0000000          -2.4101372    
      36     -0.22656200         -0.22656200           0.0000000          -2.5502545    
      37     -0.21875000         -0.21875000           0.0000000          -2.7497187    
      38     -0.21093800         -0.21093800           0.0000000          -2.8978369    
      39     -0.20312500         -0.20312500           0.0000000          -3.0391586    
      40     -0.19531200         -0.19531200           0.0000000          -3.2309960    
      41     -0.18750000         -0.18750000           0.0000000          -3.3460161    
      42     -0.17968800         -0.17968800           0.0000000          -3.4854466    
      43     -0.17187500         -0.17187500           0.0000000          -3.6512618    
      44     -0.16406200         -0.16406200           0.0000000          -3.7409710    
      45     -0.15625000         -0.15625000           0.0000000          -3.8760359    
      46     -0.14843800         -0.14843800           0.0000000          -4.0033923    
      47     -0.14062500         -0.14062500           0.0000000          -4.0678293    
      48     -0.13281200         -0.13281200           0.0000000          -4.1903070    
      49     -0.12500000         -0.12500000           0.0000000          -4.2702504    
      50     -0.11718800         -0.11718800           0.0000000          -4.3124675    
      51     -0.10937500         -0.10937500           0.0000000          -4.4134323    
      52     -0.10156200         -0.10156200           0.0000000          -4.4418140    
      53     -0.93750000E-01     -0.93750000E-01       0.0000000          -4.4661198    
      54     -0.85938000E-01     -0.85938000E-01       0.0000000          -4.5303668    
      57     -0.62500000E-01     -0.62500000E-01       0.0000000          -4.5323421    
#    Iter                          Q-vector                                 Energy(mRy)  
       1     -0.50000000         -0.50000000           0.0000000           1.6446856    
       4     -0.47656200         -0.47656200           0.0000000           1.6167814    
       5     -0.46875000         -0.46875000           0.0000000           1.5921612    
       6     -0.46093800         -0.46093800           0.0000000           1.5394497    
       7     -0.45312500         -0.45312500           0.0000000           1.4823898    
       8     -0.44531200         -0.44531200           0.0000000           1.4347570    
       9     -0.43750000         -0.43750000           0.0000000           1.3518366    
      10     -0.42968800         -0.42968800           0.0000000           1.2775231    
      11     -0.42187500         -0.42187500           0.0000000           1.2070070    
      12     -0.41406200         -0.41406200           0.0000000           1.0938846    
      13     -0.40625000         -0.40625000           0.0000000           1.0053083    
      14     -0.39843800         -0.39843800           0.0000000          0.90441137    
      15     -0.39062500         -0.39062500           0.0000000          0.77200959    
      16     -0.38281200         -0.38281200           0.0000000          0.67026840    
      17     -0.37500000         -0.37500000           0.0000000          0.53938345    
      18     -0.36718800         -0.36718800           0.0000000          0.39049485    
      19     -0.35937500         -0.35937500           0.0000000          0.27640920    
      20     -0.35156200         -0.35156200           0.0000000          0.11704872    
      21     -0.34375000         -0.34375000           0.0000000         -0.37140282E-01
      22     -0.33593800         -0.33593800           0.0000000         -0.16836962    
      23     -0.32812500         -0.32812500           0.0000000         -0.35040437    
      24     -0.32031200         -0.32031200           0.0000000         -0.50601081    
      25     -0.31250000         -0.31250000           0.0000000         -0.65470938    
      26     -0.30468800         -0.30468800           0.0000000         -0.85208823    
      27     -0.29687500         -0.29687500           0.0000000          -1.0033180    
      28     -0.28906200         -0.28906200           0.0000000          -1.1744027    
      29     -0.28125000         -0.28125000           0.0000000          -1.3724783    
      30     -0.27343800         -0.27343800           0.0000000          -1.5188350    
      31     -0.26562500         -0.26562500           0.0000000          -1.7030216    
      32     -0.25781200         -0.25781200           0.0000000          -1.8966306    
      33     -0.25000000         -0.25000000           0.0000000          -2.0462769    
      34     -0.24218800         -0.24218800           0.0000000          -2.2350482    
      35     -0.23437500         -0.23437500           0.0000000          -2.4101372    
      36     -0.22656200         -0.22656200           0.0000000          -2.5502545    
      37     -0.21875000         -0.21875000           0.0000000          -2.7497187    
      38     -0.21093800         -0.21093800           0.0000000          -2.8978369    
      39     -0.20312500         -0.20312500           0.0000000          -3.0391586    
      40     -0.19531200         -0.19531200           0.0000000          -3.2309960    
      41     -0.18750000         -0.18750000           0.0000000          -3.3460161    
      42     -0.17968800         -0.17968800           0.0000000          -3.4854466    
      43     -0.17187500         -0.17187500           0.0000000          -3.6512618    
      44     -0.16406200         -0.16406200           0.0000000          -3.7409710    
      45     -0.15625000         -0.15625000           0.0000000          -3.8760359    
      46     -0.14843800         -0.14843800           0.0000000          -4.0033923    
      47     -0.14062500         -0.14062500           0.0000000          -4.0678293    
      48     -0.13281200         -0.13281200           0.0000000          -4.1903070    
      49     -0.12500000         -0.12500000           0.0000000          -4.2702504    
      50     -0.11718800         -0.11718800           0.0000000          -4.3124675    
      51     -0.10937500         -0.10937500           0.0000000          -4.4134323    
      52     -0.10156200         -0.10156200           0.0000000          -4.4418140    
      53     -0.93750000E-01     -0.93750000E-01       0.0000000          -4.4661198    
      54     -0.85938000E-01     -0.85938000E-01       0.0000000          -4.5303668    
      57     -0.62500000E-01     -0.62500000E-01       0.0000000          -4.5323421    
