#    Iter                          Q-vector                                 Energy(meV)  
       1     -0.50000000         -0.50000000           0.0000000           22.375948    
       2     -0.49218800         -0.49218800           0.0000000           22.794522    
       3     -0.48437500         -0.48437500           0.0000000           22.484352    
       4     -0.47656200         -0.47656200           0.0000000           21.996311    
       5     -0.46875000         -0.46875000           0.0000000           21.661354    
       6     -0.46093800         -0.46093800           0.0000000           20.944213    
       7     -0.45312500         -0.45312500           0.0000000           20.167913    
       8     -0.44531200         -0.44531200           0.0000000           19.519868    
       9     -0.43750000         -0.43750000           0.0000000           18.391737    
      10     -0.42968800         -0.42968800           0.0000000           17.380702    
      11     -0.42187500         -0.42187500           0.0000000           16.421331    
      12     -0.41406200         -0.41406200           0.0000000           14.882300    
      13     -0.40625000         -0.40625000           0.0000000           13.677219    
      14     -0.39843800         -0.39843800           0.0000000           12.304517    
      15     -0.39062500         -0.39062500           0.0000000           10.503191    
      16     -0.38281200         -0.38281200           0.0000000           9.1190015    
      17     -0.37500000         -0.37500000           0.0000000           7.3383118    
      18     -0.36718800         -0.36718800           0.0000000           5.3126824    
      19     -0.35937500         -0.35937500           0.0000000           3.7605472    
      20     -0.35156200         -0.35156200           0.0000000           1.5924479    
      21     -0.34375000         -0.34375000           0.0000000         -0.50529353    
      22     -0.33593800         -0.33593800           0.0000000          -2.2906687    
      23     -0.32812500         -0.32812500           0.0000000          -4.7672515    
      24     -0.32031200         -0.32031200           0.0000000          -6.8842770    
      25     -0.31250000         -0.31250000           0.0000000          -8.9073211    
      26     -0.30468800         -0.30468800           0.0000000          -11.592660    
      27     -0.29687500         -0.29687500           0.0000000          -13.650142    
      28     -0.28906200         -0.28906200           0.0000000          -15.977748    
      29     -0.28125000         -0.28125000           0.0000000          -18.672567    
      30     -0.27343800         -0.27343800           0.0000000          -20.663750    
      31     -0.26562500         -0.26562500           0.0000000          -23.169608    
      32     -0.25781200         -0.25781200           0.0000000          -25.803659    
      33     -0.25000000         -0.25000000           0.0000000          -27.839597    
      34     -0.24218800         -0.24218800           0.0000000          -30.407831    
      35     -0.23437500         -0.23437500           0.0000000          -32.789916    
      36     -0.22656200         -0.22656200           0.0000000          -34.696213    
      37     -0.21875000         -0.21875000           0.0000000          -37.409923    
      38     -0.21093800         -0.21093800           0.0000000          -39.425071    
      39     -0.20312500         -0.20312500           0.0000000          -41.347752    
      40     -0.19531200         -0.19531200           0.0000000          -43.957700    
      41     -0.18750000         -0.18750000           0.0000000          -45.522550    
      42     -0.17968800         -0.17968800           0.0000000          -47.419502    
      43     -0.17187500         -0.17187500           0.0000000          -49.675417    
      44     -0.16406200         -0.16406200           0.0000000          -50.895911    
      45     -0.15625000         -0.15625000           0.0000000          -52.733469    
      46     -0.14843800         -0.14843800           0.0000000          -54.466152    
      47     -0.14062500         -0.14062500           0.0000000          -55.342817    
      48     -0.13281200         -0.13281200           0.0000000          -57.009126    
      49     -0.12500000         -0.12500000           0.0000000          -58.096756    
      50     -0.11718800         -0.11718800           0.0000000          -58.671121    
      51     -0.10937500         -0.10937500           0.0000000          -60.044746    
      52     -0.10156200         -0.10156200           0.0000000          -60.430879    
      53     -0.93750000E-01     -0.93750000E-01       0.0000000          -60.761559    
      54     -0.85938000E-01     -0.85938000E-01       0.0000000          -61.635641    
      55     -0.78125000E-01     -0.78125000E-01       0.0000000          -61.341046    
      56     -0.70312000E-01     -0.70312000E-01       0.0000000          -61.397690    
      57     -0.62500000E-01     -0.62500000E-01       0.0000000          -61.662514    
      58     -0.54688000E-01     -0.54688000E-01       0.0000000          -60.792928    
      59     -0.46875000E-01     -0.46875000E-01       0.0000000          -60.610498    
      60     -0.39062000E-01     -0.39062000E-01       0.0000000          -60.096042    
      61     -0.31250000E-01     -0.31250000E-01       0.0000000          -58.795017    
      62     -0.23438000E-01     -0.23438000E-01       0.0000000          -58.239213    
      63     -0.15625000E-01     -0.15625000E-01       0.0000000          -56.977885    
      64     -0.78120000E-02     -0.78120000E-02       0.0000000          -55.159360    
      65       0.0000000           0.0000000           0.0000000          -54.420000    
      66      0.78120000E-02      0.78120000E-02       0.0000000          -52.435560    
      67      0.15625000E-01      0.15625000E-01       0.0000000          -50.540829    
      68      0.23438000E-01      0.23438000E-01       0.0000000          -49.232055    
      69      0.31250000E-01      0.31250000E-01       0.0000000          -46.750773    
      70      0.39062000E-01      0.39062000E-01       0.0000000          -44.795797    
      71      0.46875000E-01      0.46875000E-01       0.0000000          -42.880118    
      72      0.54688000E-01      0.54688000E-01       0.0000000          -40.111651    
      73      0.62500000E-01      0.62500000E-01       0.0000000          -38.055811    
      74      0.70312000E-01      0.70312000E-01       0.0000000          -35.697320    
      75      0.78125000E-01      0.78125000E-01       0.0000000          -32.779093    
      76      0.85938000E-01      0.85938000E-01       0.0000000          -30.701820    
      77      0.93750000E-01      0.93750000E-01       0.0000000          -27.952157    
      78      0.10156200          0.10156200           0.0000000          -25.130170    
      79      0.10937500          0.10937500           0.0000000          -22.970776    
      80      0.11718800          0.11718800           0.0000000          -20.026920    
      81      0.12500000          0.12500000           0.0000000          -17.372963    
      82      0.13281200          0.13281200           0.0000000          -15.165092    
      83      0.14062500          0.14062500           0.0000000          -12.180597    
      84      0.14843800          0.14843800           0.0000000          -9.8121509    
      85      0.15625000          0.15625000           0.0000000          -7.5238087    
      86      0.16406200          0.16406200           0.0000000          -4.7228775    
      87      0.17187500          0.17187500           0.0000000          -2.6472850    
      88      0.17968800          0.17968800           0.0000000         -0.36372074    
      89      0.18750000          0.18750000           0.0000000           2.1450571    
      90      0.19531200          0.19531200           0.0000000           3.9499301    
      91      0.20312500          0.20312500           0.0000000           6.1455857    
      92      0.21093800          0.21093800           0.0000000           8.2370538    
      93      0.21875000          0.21875000           0.0000000           9.7776589    
      94      0.22656200          0.22656200           0.0000000           11.780164    
      95      0.23437500          0.23437500           0.0000000           13.429433    
      96      0.24218800          0.24218800           0.0000000           14.731830    
      97      0.25000000          0.25000000           0.0000000           16.490413    
      98      0.25781200          0.25781200           0.0000000           17.639254    
      99      0.26562500          0.26562500           0.0000000           18.739852    
     100      0.27343800          0.27343800           0.0000000           20.056654    
     101      0.28125000          0.28125000           0.0000000           20.828957    
     102      0.28906200          0.28906200           0.0000000           21.341504    
     103      0.29687500          0.29687500           0.0000000           22.563856    
     104      0.30468800          0.30468800           0.0000000           22.969255    
     105      0.31250000          0.31250000           0.0000000           23.550757    
     106      0.32031200          0.32031200           0.0000000           23.990453    
     107      0.32812500          0.32812500           0.0000000           24.086976    
     108      0.33593800          0.33593800           0.0000000           24.338401    
     109      0.34375000          0.34375000           0.0000000           24.350044    
     110      0.35156200          0.35156200           0.0000000           24.175171    
     111      0.35937500          0.35937500           0.0000000           24.104106    
     112      0.36718800          0.36718800           0.0000000           23.727592    
     113      0.37500000          0.37500000           0.0000000           23.311839    
     114      0.38281200          0.38281200           0.0000000           22.899036    
     115      0.39062500          0.39062500           0.0000000           22.262377    
     116      0.39843800          0.39843800           0.0000000           21.533704    
     117      0.40625000          0.40625000           0.0000000           20.852120    
     118      0.41406200          0.41406200           0.0000000           19.945618    
     119      0.42187500          0.42187500           0.0000000           19.108499    
     120      0.42968800          0.42968800           0.0000000           18.048101    
     121      0.43750000          0.43750000           0.0000000           16.948223    
     122      0.44531200          0.44531200           0.0000000           15.788640    
     123      0.45312500          0.45312500           0.0000000           14.643986    
     124      0.46093800          0.46093800           0.0000000           13.364259    
     125      0.46875000          0.46875000           0.0000000           12.032182    
     126      0.47656200          0.47656200           0.0000000           10.782657    
     127      0.48437500          0.48437500           0.0000000           9.3352397    
     128      0.49218800          0.49218800           0.0000000           7.9088819    
     129      0.50000000          0.50000000           0.0000000           3.2649181    
#    Iter                          Q-vector                                 Energy(meV)  
       1     -0.50000000         -0.50000000           0.0000000           22.375948    
       2     -0.49218800         -0.49218800           0.0000000           22.794522    
       3     -0.48437500         -0.48437500           0.0000000           22.484352    
       4     -0.47656200         -0.47656200           0.0000000           21.996311    
       5     -0.46875000         -0.46875000           0.0000000           21.661354    
       6     -0.46093800         -0.46093800           0.0000000           20.944213    
       7     -0.45312500         -0.45312500           0.0000000           20.167913    
       8     -0.44531200         -0.44531200           0.0000000           19.519868    
       9     -0.43750000         -0.43750000           0.0000000           18.391737    
      10     -0.42968800         -0.42968800           0.0000000           17.380702    
      11     -0.42187500         -0.42187500           0.0000000           16.421331    
      12     -0.41406200         -0.41406200           0.0000000           14.882300    
      13     -0.40625000         -0.40625000           0.0000000           13.677219    
      14     -0.39843800         -0.39843800           0.0000000           12.304517    
      15     -0.39062500         -0.39062500           0.0000000           10.503191    
      16     -0.38281200         -0.38281200           0.0000000           9.1190015    
      17     -0.37500000         -0.37500000           0.0000000           7.3383118    
      18     -0.36718800         -0.36718800           0.0000000           5.3126824    
      19     -0.35937500         -0.35937500           0.0000000           3.7605472    
      20     -0.35156200         -0.35156200           0.0000000           1.5924479    
      21     -0.34375000         -0.34375000           0.0000000         -0.50529353    
      22     -0.33593800         -0.33593800           0.0000000          -2.2906687    
      23     -0.32812500         -0.32812500           0.0000000          -4.7672515    
      24     -0.32031200         -0.32031200           0.0000000          -6.8842770    
      25     -0.31250000         -0.31250000           0.0000000          -8.9073211    
      26     -0.30468800         -0.30468800           0.0000000          -11.592660    
      27     -0.29687500         -0.29687500           0.0000000          -13.650142    
      28     -0.28906200         -0.28906200           0.0000000          -15.977748    
      29     -0.28125000         -0.28125000           0.0000000          -18.672567    
      30     -0.27343800         -0.27343800           0.0000000          -20.663750    
      31     -0.26562500         -0.26562500           0.0000000          -23.169608    
      32     -0.25781200         -0.25781200           0.0000000          -25.803659    
      33     -0.25000000         -0.25000000           0.0000000          -27.839597    
      34     -0.24218800         -0.24218800           0.0000000          -30.407831    
      35     -0.23437500         -0.23437500           0.0000000          -32.789916    
      36     -0.22656200         -0.22656200           0.0000000          -34.696213    
      37     -0.21875000         -0.21875000           0.0000000          -37.409923    
      38     -0.21093800         -0.21093800           0.0000000          -39.425071    
      39     -0.20312500         -0.20312500           0.0000000          -41.347752    
      40     -0.19531200         -0.19531200           0.0000000          -43.957700    
      41     -0.18750000         -0.18750000           0.0000000          -45.522550    
      42     -0.17968800         -0.17968800           0.0000000          -47.419502    
      43     -0.17187500         -0.17187500           0.0000000          -49.675417    
      44     -0.16406200         -0.16406200           0.0000000          -50.895911    
      45     -0.15625000         -0.15625000           0.0000000          -52.733469    
      46     -0.14843800         -0.14843800           0.0000000          -54.466152    
      47     -0.14062500         -0.14062500           0.0000000          -55.342817    
      48     -0.13281200         -0.13281200           0.0000000          -57.009126    
      49     -0.12500000         -0.12500000           0.0000000          -58.096756    
      50     -0.11718800         -0.11718800           0.0000000          -58.671121    
      51     -0.10937500         -0.10937500           0.0000000          -60.044746    
      52     -0.10156200         -0.10156200           0.0000000          -60.430879    
      53     -0.93750000E-01     -0.93750000E-01       0.0000000          -60.761559    
      54     -0.85938000E-01     -0.85938000E-01       0.0000000          -61.635641    
      55     -0.78125000E-01     -0.78125000E-01       0.0000000          -61.341046    
      56     -0.70312000E-01     -0.70312000E-01       0.0000000          -61.397690    
      57     -0.62500000E-01     -0.62500000E-01       0.0000000          -61.662514    
      58     -0.54688000E-01     -0.54688000E-01       0.0000000          -60.792928    
      59     -0.46875000E-01     -0.46875000E-01       0.0000000          -60.610498    
      60     -0.39062000E-01     -0.39062000E-01       0.0000000          -60.096042    
      61     -0.31250000E-01     -0.31250000E-01       0.0000000          -58.795017    
      62     -0.23438000E-01     -0.23438000E-01       0.0000000          -58.239213    
      63     -0.15625000E-01     -0.15625000E-01       0.0000000          -56.977885    
      64     -0.78120000E-02     -0.78120000E-02       0.0000000          -55.159360    
      65       0.0000000           0.0000000           0.0000000          -54.420000    
      66      0.78120000E-02      0.78120000E-02       0.0000000          -52.435560    
      67      0.15625000E-01      0.15625000E-01       0.0000000          -50.540829    
      68      0.23438000E-01      0.23438000E-01       0.0000000          -49.232055    
      69      0.31250000E-01      0.31250000E-01       0.0000000          -46.750773    
      70      0.39062000E-01      0.39062000E-01       0.0000000          -44.795797    
      71      0.46875000E-01      0.46875000E-01       0.0000000          -42.880118    
      72      0.54688000E-01      0.54688000E-01       0.0000000          -40.111651    
      73      0.62500000E-01      0.62500000E-01       0.0000000          -38.055811    
      74      0.70312000E-01      0.70312000E-01       0.0000000          -35.697320    
      75      0.78125000E-01      0.78125000E-01       0.0000000          -32.779093    
      76      0.85938000E-01      0.85938000E-01       0.0000000          -30.701820    
      77      0.93750000E-01      0.93750000E-01       0.0000000          -27.952157    
      78      0.10156200          0.10156200           0.0000000          -25.130170    
      79      0.10937500          0.10937500           0.0000000          -22.970776    
      80      0.11718800          0.11718800           0.0000000          -20.026920    
      81      0.12500000          0.12500000           0.0000000          -17.372963    
      82      0.13281200          0.13281200           0.0000000          -15.165092    
      83      0.14062500          0.14062500           0.0000000          -12.180597    
      84      0.14843800          0.14843800           0.0000000          -9.8121509    
      85      0.15625000          0.15625000           0.0000000          -7.5238087    
      86      0.16406200          0.16406200           0.0000000          -4.7228775    
      87      0.17187500          0.17187500           0.0000000          -2.6472850    
      88      0.17968800          0.17968800           0.0000000         -0.36372074    
      89      0.18750000          0.18750000           0.0000000           2.1450571    
      90      0.19531200          0.19531200           0.0000000           3.9499301    
      91      0.20312500          0.20312500           0.0000000           6.1455857    
      92      0.21093800          0.21093800           0.0000000           8.2370538    
      93      0.21875000          0.21875000           0.0000000           9.7776589    
      94      0.22656200          0.22656200           0.0000000           11.780164    
      95      0.23437500          0.23437500           0.0000000           13.429433    
      96      0.24218800          0.24218800           0.0000000           14.731830    
      97      0.25000000          0.25000000           0.0000000           16.490413    
      98      0.25781200          0.25781200           0.0000000           17.639254    
      99      0.26562500          0.26562500           0.0000000           18.739852    
     100      0.27343800          0.27343800           0.0000000           20.056654    
     101      0.28125000          0.28125000           0.0000000           20.828957    
     102      0.28906200          0.28906200           0.0000000           21.341504    
     103      0.29687500          0.29687500           0.0000000           22.563856    
     104      0.30468800          0.30468800           0.0000000           22.969255    
     105      0.31250000          0.31250000           0.0000000           23.550757    
     106      0.32031200          0.32031200           0.0000000           23.990453    
     107      0.32812500          0.32812500           0.0000000           24.086976    
     108      0.33593800          0.33593800           0.0000000           24.338401    
     109      0.34375000          0.34375000           0.0000000           24.350044    
     110      0.35156200          0.35156200           0.0000000           24.175171    
     111      0.35937500          0.35937500           0.0000000           24.104106    
     112      0.36718800          0.36718800           0.0000000           23.727592    
     113      0.37500000          0.37500000           0.0000000           23.311839    
     114      0.38281200          0.38281200           0.0000000           22.899036    
     115      0.39062500          0.39062500           0.0000000           22.262377    
     116      0.39843800          0.39843800           0.0000000           21.533704    
     117      0.40625000          0.40625000           0.0000000           20.852120    
     118      0.41406200          0.41406200           0.0000000           19.945618    
     119      0.42187500          0.42187500           0.0000000           19.108499    
     120      0.42968800          0.42968800           0.0000000           18.048101    
     121      0.43750000          0.43750000           0.0000000           16.948223    
     122      0.44531200          0.44531200           0.0000000           15.788640    
     123      0.45312500          0.45312500           0.0000000           14.643986    
     124      0.46093800          0.46093800           0.0000000           13.364259    
     125      0.46875000          0.46875000           0.0000000           12.032182    
     126      0.47656200          0.47656200           0.0000000           10.782657    
     127      0.48437500          0.48437500           0.0000000           9.3352397    
     128      0.49218800          0.49218800           0.0000000           7.9088819    
     129      0.50000000          0.50000000           0.0000000           3.2649181    
