   #Iter                 Tot                 Exc                 Ani                  DM                  PD               BiqDM                  BQ                 Dip              Zeeman                 LSF                Chir                Ring                  SA
       0 -4.64845468E+00 -3.66476754E+00  0.00000000E+00 -8.67574550E-01  0.00000000E+00  0.00000000E+00  0.00000000E+00  0.00000000E+00 -1.16112592E-01  0.00000000E+00  0.00000000E+00  0.00000000E+00  0.00000000E+00
     100 -4.74331553E+00 -3.77536298E+00  0.00000000E+00 -5.86104272E-01  0.00000000E+00  0.00000000E+00  0.00000000E+00  0.00000000E+00 -3.81848281E-01  0.00000000E+00  0.00000000E+00  0.00000000E+00  0.00000000E+00
     200 -4.74496386E+00 -3.76607311E+00  0.00000000E+00 -6.32470184E-01  0.00000000E+00  0.00000000E+00  0.00000000E+00  0.00000000E+00 -3.46420557E-01  0.00000000E+00  0.00000000E+00  0.00000000E+00  0.00000000E+00
     300 -4.74501409E+00 -3.76715749E+00  0.00000000E+00 -6.27602237E-01  0.00000000E+00  0.00000000E+00  0.00000000E+00  0.00000000E+00 -3.50254363E-01  0.00000000E+00  0.00000000E+00  0.00000000E+00  0.00000000E+00
     400 -4.74502383E+00 -3.76704797E+00  0.00000000E+00 -6.27992423E-01  0.00000000E+00  0.00000000E+00  0.00000000E+00  0.00000000E+00 -3.49983429E-01  0.00000000E+00  0.00000000E+00  0.00000000E+00  0.00000000E+00
   #Iter                 Tot                 Exc                 Ani                  DM                  PD               BiqDM                  BQ                 Dip              Zeeman                 LSF                Chir                Ring                  SA
       0 -4.64845468E+00 -3.66476754E+00  0.00000000E+00 -8.67574550E-01  0.00000000E+00  0.00000000E+00  0.00000000E+00  0.00000000E+00 -1.16112592E-01  0.00000000E+00  0.00000000E+00  0.00000000E+00  0.00000000E+00
     100 -4.55420432E+00 -3.61612622E+00  0.00000000E+00 -5.66736912E-01  0.00000000E+00  0.00000000E+00  0.00000000E+00  0.00000000E+00 -3.71341188E-01  0.00000000E+00  0.00000000E+00  0.00000000E+00  0.00000000E+00
     200 -4.55819142E+00 -3.60658314E+00  0.00000000E+00 -6.18603614E-01  0.00000000E+00  0.00000000E+00  0.00000000E+00  0.00000000E+00 -3.33004673E-01  0.00000000E+00  0.00000000E+00  0.00000000E+00  0.00000000E+00
     300 -4.55735174E+00 -3.60341912E+00  0.00000000E+00 -6.18900624E-01  0.00000000E+00  0.00000000E+00  0.00000000E+00  0.00000000E+00 -3.35031994E-01  0.00000000E+00  0.00000000E+00  0.00000000E+00  0.00000000E+00
     400 -4.55875761E+00 -3.60437011E+00  0.00000000E+00 -6.18348859E-01  0.00000000E+00  0.00000000E+00  0.00000000E+00  0.00000000E+00 -3.36038640E-01  0.00000000E+00  0.00000000E+00  0.00000000E+00  0.00000000E+00
     500 -4.55544708E+00 -3.59835680E+00  0.00000000E+00 -6.23168528E-01  0.00000000E+00  0.00000000E+00  0.00000000E+00  0.00000000E+00 -3.33921750E-01  0.00000000E+00  0.00000000E+00  0.00000000E+00  0.00000000E+00
     600 -4.55500940E+00 -3.60071049E+00  0.00000000E+00 -6.16197386E-01  0.00000000E+00  0.00000000E+00  0.00000000E+00  0.00000000E+00 -3.38101515E-01  0.00000000E+00  0.00000000E+00  0.00000000E+00  0.00000000E+00
     700 -4.55586256E+00 -3.59910042E+00  0.00000000E+00 -6.21848723E-01  0.00000000E+00  0.00000000E+00  0.00000000E+00  0.00000000E+00 -3.34913417E-01  0.00000000E+00  0.00000000E+00  0.00000000E+00  0.00000000E+00
     800 -4.55612811E+00 -3.59853583E+00  0.00000000E+00 -6.22403276E-01  0.00000000E+00  0.00000000E+00  0.00000000E+00  0.00000000E+00 -3.35189002E-01  0.00000000E+00  0.00000000E+00  0.00000000E+00  0.00000000E+00
     900 -4.55551819E+00 -3.59565440E+00  0.00000000E+00 -6.25177077E-01  0.00000000E+00  0.00000000E+00  0.00000000E+00  0.00000000E+00 -3.34686717E-01  0.00000000E+00  0.00000000E+00  0.00000000E+00  0.00000000E+00
    1000 -4.55226500E+00 -3.59180452E+00  0.00000000E+00 -6.29664480E-01  0.00000000E+00  0.00000000E+00  0.00000000E+00  0.00000000E+00 -3.30795994E-01  0.00000000E+00  0.00000000E+00  0.00000000E+00  0.00000000E+00
    1100 -4.55635646E+00 -3.59527188E+00  0.00000000E+00 -6.26908803E-01  0.00000000E+00  0.00000000E+00  0.00000000E+00  0.00000000E+00 -3.34175775E-01  0.00000000E+00  0.00000000E+00  0.00000000E+00  0.00000000E+00
    1200 -4.55446891E+00 -3.59200010E+00  0.00000000E+00 -6.32503652E-01  0.00000000E+00  0.00000000E+00  0.00000000E+00  0.00000000E+00 -3.29965164E-01  0.00000000E+00  0.00000000E+00  0.00000000E+00  0.00000000E+00
    1300 -4.55454937E+00 -3.59204994E+00  0.00000000E+00 -6.30411935E-01  0.00000000E+00  0.00000000E+00  0.00000000E+00  0.00000000E+00 -3.32087498E-01  0.00000000E+00  0.00000000E+00  0.00000000E+00  0.00000000E+00
    1400 -4.55585097E+00 -3.59357024E+00  0.00000000E+00 -6.30541625E-01  0.00000000E+00  0.00000000E+00  0.00000000E+00  0.00000000E+00 -3.31739107E-01  0.00000000E+00  0.00000000E+00  0.00000000E+00  0.00000000E+00
    1500 -4.55487379E+00 -3.59096455E+00  0.00000000E+00 -6.33615189E-01  0.00000000E+00  0.00000000E+00  0.00000000E+00  0.00000000E+00 -3.30294053E-01  0.00000000E+00  0.00000000E+00  0.00000000E+00  0.00000000E+00
    1600 -4.55498681E+00 -3.59166860E+00  0.00000000E+00 -6.31489477E-01  0.00000000E+00  0.00000000E+00  0.00000000E+00  0.00000000E+00 -3.31828728E-01  0.00000000E+00  0.00000000E+00  0.00000000E+00  0.00000000E+00
    1700 -4.55551696E+00 -3.59152917E+00  0.00000000E+00 -6.33730891E-01  0.00000000E+00  0.00000000E+00  0.00000000E+00  0.00000000E+00 -3.30256895E-01  0.00000000E+00  0.00000000E+00  0.00000000E+00  0.00000000E+00
    1800 -4.55425501E+00 -3.59040181E+00  0.00000000E+00 -6.31875111E-01  0.00000000E+00  0.00000000E+00  0.00000000E+00  0.00000000E+00 -3.31978085E-01  0.00000000E+00  0.00000000E+00  0.00000000E+00  0.00000000E+00
    1900 -4.55508934E+00 -3.59049878E+00  0.00000000E+00 -6.31851416E-01  0.00000000E+00  0.00000000E+00  0.00000000E+00  0.00000000E+00 -3.32739142E-01  0.00000000E+00  0.00000000E+00  0.00000000E+00  0.00000000E+00
    2000 -4.55737283E+00 -3.59405335E+00  0.00000000E+00 -6.34396178E-01  0.00000000E+00  0.00000000E+00  0.00000000E+00  0.00000000E+00 -3.28923305E-01  0.00000000E+00  0.00000000E+00  0.00000000E+00  0.00000000E+00
    2100 -4.55865008E+00 -3.59350015E+00  0.00000000E+00 -6.34036160E-01  0.00000000E+00  0.00000000E+00  0.00000000E+00  0.00000000E+00 -3.31113761E-01  0.00000000E+00  0.00000000E+00  0.00000000E+00  0.00000000E+00
    2200 -4.55291146E+00 -3.58909371E+00  0.00000000E+00 -6.32540273E-01  0.00000000E+00  0.00000000E+00  0.00000000E+00  0.00000000E+00 -3.31277486E-01  0.00000000E+00  0.00000000E+00  0.00000000E+00  0.00000000E+00
    2300 -4.55589401E+00 -3.59294413E+00  0.00000000E+00 -6.30871580E-01  0.00000000E+00  0.00000000E+00  0.00000000E+00  0.00000000E+00 -3.32078300E-01  0.00000000E+00  0.00000000E+00  0.00000000E+00  0.00000000E+00
    2400 -4.55713029E+00 -3.59360670E+00  0.00000000E+00 -6.33771874E-01  0.00000000E+00  0.00000000E+00  0.00000000E+00  0.00000000E+00 -3.29751718E-01  0.00000000E+00  0.00000000E+00  0.00000000E+00  0.00000000E+00
    2500 -4.55664386E+00 -3.59126240E+00  0.00000000E+00 -6.33207879E-01  0.00000000E+00  0.00000000E+00  0.00000000E+00  0.00000000E+00 -3.32173581E-01  0.00000000E+00  0.00000000E+00  0.00000000E+00  0.00000000E+00
    2600 -4.55459361E+00 -3.58954505E+00  0.00000000E+00 -6.35164335E-01  0.00000000E+00  0.00000000E+00  0.00000000E+00  0.00000000E+00 -3.29884222E-01  0.00000000E+00  0.00000000E+00  0.00000000E+00  0.00000000E+00
    2700 -4.55616423E+00 -3.59052748E+00  0.00000000E+00 -6.33230300E-01  0.00000000E+00  0.00000000E+00  0.00000000E+00  0.00000000E+00 -3.32406446E-01  0.00000000E+00  0.00000000E+00  0.00000000E+00  0.00000000E+00
    2800 -4.55455230E+00 -3.58957677E+00  0.00000000E+00 -6.34527581E-01  0.00000000E+00  0.00000000E+00  0.00000000E+00  0.00000000E+00 -3.30447950E-01  0.00000000E+00  0.00000000E+00  0.00000000E+00  0.00000000E+00
    2900 -4.55599469E+00 -3.58782050E+00  0.00000000E+00 -6.44928310E-01  0.00000000E+00  0.00000000E+00  0.00000000E+00  0.00000000E+00 -3.23245880E-01  0.00000000E+00  0.00000000E+00  0.00000000E+00  0.00000000E+00
    3000 -4.55492192E+00 -3.58822393E+00  0.00000000E+00 -6.36224113E-01  0.00000000E+00  0.00000000E+00  0.00000000E+00  0.00000000E+00 -3.30473883E-01  0.00000000E+00  0.00000000E+00  0.00000000E+00  0.00000000E+00
    3100 -4.55484947E+00 -3.58998623E+00  0.00000000E+00 -6.35376848E-01  0.00000000E+00  0.00000000E+00  0.00000000E+00  0.00000000E+00 -3.29486391E-01  0.00000000E+00  0.00000000E+00  0.00000000E+00  0.00000000E+00
    3200 -4.55528694E+00 -3.59138656E+00  0.00000000E+00 -6.31878357E-01  0.00000000E+00  0.00000000E+00  0.00000000E+00  0.00000000E+00 -3.32022022E-01  0.00000000E+00  0.00000000E+00  0.00000000E+00  0.00000000E+00
    3300 -4.55365423E+00 -3.58981215E+00  0.00000000E+00 -6.33817256E-01  0.00000000E+00  0.00000000E+00  0.00000000E+00  0.00000000E+00 -3.30024824E-01  0.00000000E+00  0.00000000E+00  0.00000000E+00  0.00000000E+00
    3400 -4.55399100E+00 -3.58751960E+00  0.00000000E+00 -6.37729664E-01  0.00000000E+00  0.00000000E+00  0.00000000E+00  0.00000000E+00 -3.28741732E-01  0.00000000E+00  0.00000000E+00  0.00000000E+00  0.00000000E+00
    3500 -4.55535734E+00 -3.59028031E+00  0.00000000E+00 -6.34686595E-01  0.00000000E+00  0.00000000E+00  0.00000000E+00  0.00000000E+00 -3.30390441E-01  0.00000000E+00  0.00000000E+00  0.00000000E+00  0.00000000E+00
    3600 -4.55628493E+00 -3.59116615E+00  0.00000000E+00 -6.31408957E-01  0.00000000E+00  0.00000000E+00  0.00000000E+00  0.00000000E+00 -3.33709823E-01  0.00000000E+00  0.00000000E+00  0.00000000E+00  0.00000000E+00
    3700 -4.55313242E+00 -3.58772443E+00  0.00000000E+00 -6.35654432E-01  0.00000000E+00  0.00000000E+00  0.00000000E+00  0.00000000E+00 -3.29753560E-01  0.00000000E+00  0.00000000E+00  0.00000000E+00  0.00000000E+00
    3800 -4.55249853E+00 -3.58978552E+00  0.00000000E+00 -6.30084122E-01  0.00000000E+00  0.00000000E+00  0.00000000E+00  0.00000000E+00 -3.32628886E-01  0.00000000E+00  0.00000000E+00  0.00000000E+00  0.00000000E+00
    3900 -4.55594179E+00 -3.59223274E+00  0.00000000E+00 -6.33303335E-01  0.00000000E+00  0.00000000E+00  0.00000000E+00  0.00000000E+00 -3.30405715E-01  0.00000000E+00  0.00000000E+00  0.00000000E+00  0.00000000E+00
    4000 -4.55686928E+00 -3.59183317E+00  0.00000000E+00 -6.35050935E-01  0.00000000E+00  0.00000000E+00  0.00000000E+00  0.00000000E+00 -3.29985177E-01  0.00000000E+00  0.00000000E+00  0.00000000E+00  0.00000000E+00
    4100 -4.55550825E+00 -3.59187085E+00  0.00000000E+00 -6.32772074E-01  0.00000000E+00  0.00000000E+00  0.00000000E+00  0.00000000E+00 -3.30865334E-01  0.00000000E+00  0.00000000E+00  0.00000000E+00  0.00000000E+00
    4200 -4.55373729E+00 -3.58858279E+00  0.00000000E+00 -6.34385169E-01  0.00000000E+00  0.00000000E+00  0.00000000E+00  0.00000000E+00 -3.30769333E-01  0.00000000E+00  0.00000000E+00  0.00000000E+00  0.00000000E+00
    4300 -4.55534141E+00 -3.58908915E+00  0.00000000E+00 -6.39327781E-01  0.00000000E+00  0.00000000E+00  0.00000000E+00  0.00000000E+00 -3.26924479E-01  0.00000000E+00  0.00000000E+00  0.00000000E+00  0.00000000E+00
    4400 -4.55425999E+00 -3.58938673E+00  0.00000000E+00 -6.35171483E-01  0.00000000E+00  0.00000000E+00  0.00000000E+00  0.00000000E+00 -3.29701781E-01  0.00000000E+00  0.00000000E+00  0.00000000E+00  0.00000000E+00
    4500 -4.55532492E+00 -3.58988569E+00  0.00000000E+00 -6.33503873E-01  0.00000000E+00  0.00000000E+00  0.00000000E+00  0.00000000E+00 -3.31935362E-01  0.00000000E+00  0.00000000E+00  0.00000000E+00  0.00000000E+00
    4600 -4.55742205E+00 -3.59085792E+00  0.00000000E+00 -6.33791026E-01  0.00000000E+00  0.00000000E+00  0.00000000E+00  0.00000000E+00 -3.32773103E-01  0.00000000E+00  0.00000000E+00  0.00000000E+00  0.00000000E+00
    4700 -4.55710043E+00 -3.59165655E+00  0.00000000E+00 -6.34594480E-01  0.00000000E+00  0.00000000E+00  0.00000000E+00  0.00000000E+00 -3.30849406E-01  0.00000000E+00  0.00000000E+00  0.00000000E+00  0.00000000E+00
    4800 -4.55423920E+00 -3.59258394E+00  0.00000000E+00 -6.28674946E-01  0.00000000E+00  0.00000000E+00  0.00000000E+00  0.00000000E+00 -3.32980309E-01  0.00000000E+00  0.00000000E+00  0.00000000E+00  0.00000000E+00
    4900 -4.55621860E+00 -3.59212298E+00  0.00000000E+00 -6.31568653E-01  0.00000000E+00  0.00000000E+00  0.00000000E+00  0.00000000E+00 -3.32526967E-01  0.00000000E+00  0.00000000E+00  0.00000000E+00  0.00000000E+00
